<?xml version="1.0" encoding="UTF-8"?>
<testsuite xmlns:xsi="http://www.w3.org/2001/XMLSchema-instance" xsi:noNamespaceSchemaLocation="https://maven.apache.org/surefire/maven-surefire-plugin/xsd/surefire-test-report.xsd" name="dictionary.SaveableDictionaryTest" time="0.169" tests="16" errors="0" skipped="0" failures="0">
  <properties>
[...]
</properties>
  <testcase name="translateMethod" classname="dictionary.SaveableDictionaryTest" time="0.047"/>
  <testcase name="eiLadataKuinVastaMethodssa" classname="dictionary.SaveableDictionaryTest" time="0"/>
  <testcase name="deleteMethod" classname="dictionary.SaveableDictionaryTest" time="0.001"/>
  <testcase name="methodload" classname="dictionary.SaveableDictionaryTest" time="0.005"/>
  <testcase name="methodsave" classname="dictionary.SaveableDictionaryTest" time="0.001"/>
  <testcase name="deletionWorks" classname="dictionary.SaveableDictionaryTest" time="0.001"/>
  <testcase name="ConstructorWithParameterExists" classname="dictionary.SaveableDictionaryTest" time="0.001"/>
  <testcase name="addMethod" classname="dictionary.SaveableDictionaryTest" time="0.001"/>
  <testcase name="loadedDictionaryWorks" classname="dictionary.SaveableDictionaryTest" time="0.002"/>
  <testcase name="changesToTheExistingFileGetSaved" classname="dictionary.SaveableDictionaryTest" time="0.005"/>
  <testcase name="addAndTranslateAreWorking" classname="dictionary.SaveableDictionaryTest" time="0.001"/>
  <testcase name="olemassaolevassadictionaryfilessaSailyvatSamatTiedot" classname="dictionary.SaveableDictionaryTest" time="0.002"/>
  <testcase name="classIsPublic" classname="dictionary.SaveableDictionaryTest" time="0.001"/>
  <testcase name="noExtraVariables" classname="dictionary.SaveableDictionaryTest" time="0.001"/>
  <testcase name="tyhjaKonstruktori" classname="dictionary.SaveableDictionaryTest" time="0"/>
  <testcase name="dictionarySavesIfTheFileDoesNotYetExist" classname="dictionary.SaveableDictionaryTest" time="0.002"/>
</testsuite>