-------------------------------------------------------------------------------
Test set: buttonandlabel.ButtonAndLabelTest
-------------------------------------------------------------------------------
Tests run: 1, Failures: 1, Errors: 0, Skipped: 0, Time elapsed: 1.055 s <<< FAILURE! - in buttonandlabel.ButtonAndLabelTest
hasRequiredElements(buttonandlabel.ButtonAndLabelTest)  Time elapsed: 0.96 s  <<< FAILURE!
java.lang.AssertionError: Scene object did not contain a button
	at buttonandlabel.ButtonAndLabelTest.hasRequiredElements(ButtonAndLabelTest.java:86)

