<?xml version="1.0" encoding="UTF-8"?>
<testsuite xmlns:xsi="http://www.w3.org/2001/XMLSchema-instance" xsi:noNamespaceSchemaLocation="https://maven.apache.org/surefire/maven-surefire-plugin/xsd/surefire-test-report.xsd" name="buttonandlabel.ButtonAndLabelTest" time="1.055" tests="1" errors="0" skipped="0" failures="1">
  <properties>
[...]
</properties>
  <testcase name="hasRequiredElements" classname="buttonandlabel.ButtonAndLabelTest" time="0.96">
    <failure message="Scene object did not contain a button" type="java.lang.AssertionError">java.lang.AssertionError: Scene object did not contain a button
	at buttonandlabel.ButtonAndLabelTest.hasRequiredElements(ButtonAndLabelTest.java:86)
</failure>
  </testcase>
</testsuite>