<?xml version="1.0" encoding="UTF-8"?>
<testsuite xmlns:xsi="http://www.w3.org/2001/XMLSchema-instance" xsi:noNamespaceSchemaLocation="https://maven.apache.org/surefire/maven-surefire-plugin/xsd/surefire-test-report.xsd" name="FlightControlTest" time="0.191" tests="12" errors="0" skipped="0" failures="3">
  <properties>
[...]
</properties>
  <testcase name="outputOnAddingFlight" classname="FlightControlTest" time="0.122"/>
  <testcase name="airplaneDetails1" classname="FlightControlTest" time="0"/>
  <testcase name="airplaneDetails2" classname="FlightControlTest" time="0.002"/>
  <testcase name="outputOnAddingPlane" classname="FlightControlTest" time="0.001"/>
  <testcase name="complicatedInput" classname="FlightControlTest" time="0.01">
    <failure message="Make sure that the prints of the program exactly match the example&#10;&#10;the user input was:&#10;1&#10;AY-123&#10;108&#10;1&#10;DE-213&#10;75&#10;1&#10;RU-999&#10;430&#10;2&#10;AY-123&#10;HEL&#10;TXL&#10;2&#10;AY-123&#10;JFK&#10;HEL&#10;2&#10;DE-213&#10;TXL&#10;BAL&#10;x&#10;2&#10;1&#10;3&#10;AY-123&#10;x&#10;&#10;the program should have printed the line &quot;AY-123 (108 capacity) (HEL-TXL)&quot; in the right place&#10;your program printed:&#10;&#10;Airport Asset Control&#10;--------------------&#10;&#10;Choose an action:&#10;[1] Add an airplane&#10;[2] Add a flight&#10;[x] Exit Airport Asset Control&#10;&gt; Give the airplane id: Give the airplane capacity: Choose an action:&#10;[1] Add an airplane&#10;[2] Add a flight&#10;[x] Exit Airport Asset Control&#10;&gt; Give the airplane id: Give the airplane capacity: Choose an action:&#10;[1] Add an airplane&#10;[2] Add a flight&#10;[x] Exit Airport Asset Control&#10;&gt; Give the airplane id: Give the airplane capacity: Choose an action:&#10;[1] Add an airplane&#10;[2] Add a flight&#10;[x] Exit Airport Asset Control&#10;&gt; Give the airplane id: Give the departure airport id: Give the target airport id: Choose an action:&#10;[1] Add an airplane&#10;[2] Add a flight&#10;[x] Exit Airport Asset Control&#10;&gt; Give the airplane id: Give the departure airport id: Give the target airport id: Choose an action:&#10;[1] Add an airplane&#10;[2] Add a flight&#10;[x] Exit Airport Asset Control&#10;&gt; Give the airplane id: Give the departure airport id: Give the target airport id: Choose an action:&#10;[1] Add an airplane&#10;[2] Add a flight&#10;[x] Exit Airport Asset Control&#10;&gt; &#10;Flight Control&#10;------------&#10;&#10;Choose an action:&#10;[1] Print airplanes&#10;[2] Print flights&#10;[3] Print airplane details&#10;[x] Quit&#10;&gt; DE-213 (75 capacity) (TXL-BAL)&#10;&#10;AY-123 (108 capacity) (JFK-HEL)&#10;&#10;Choose an action:&#10;[1] Print airplanes&#10;[2] Print flights&#10;[3] Print airplane details&#10;[x] Quit&#10;&gt; DE-213 (75 capacity)&#10;AY-123 (108 capacity)&#10;RU-999 (430 capacity)&#10;Choose an action:&#10;[1] Print airplanes&#10;[2] Print flights&#10;[3] Print airplane details&#10;[x] Quit&#10;&gt; Give the airplane id: AY-123 (108 capacity)&#10;&#10;Choose an action:&#10;[1] Print airplanes&#10;[2] Print flights&#10;[3] Print airplane details&#10;[x] Quit&#10;&gt; &#10;" type="java.lang.AssertionError">java.lang.AssertionError: 
Make sure that the prints of the program exactly match the example

the user input was:
1
AY-123
108
1
DE-213
75
1
RU-999
430
2
AY-123
HEL
TXL
2
AY-123
JFK
HEL
2
DE-213
TXL
BAL
x
2
1
3
AY-123
x

the program should have printed the line "AY-123 (108 capacity) (HEL-TXL)" in the right place
your program printed:

Airport Asset Control
--------------------

Choose an action:
[1] Add an airplane
[2] Add a flight
[x] Exit Airport Asset Control
> Give the airplane id: Give the airplane capacity: Choose an action:
[1] Add an airplane
[2] Add a flight
[x] Exit Airport Asset Control
> Give the airplane id: Give the airplane capacity: Choose an action:
[1] Add an airplane
[2] Add a flight
[x] Exit Airport Asset Control
> Give the airplane id: Give the airplane capacity: Choose an action:
[1] Add an airplane
[2] Add a flight
[x] Exit Airport Asset Control
> Give the airplane id: Give the departure airport id: Give the target airport id: Choose an action:
[1] Add an airplane
[2] Add a flight
[x] Exit Airport Asset Control
> Give the airplane id: Give the departure airport id: Give the target airport id: Choose an action:
[1] Add an airplane
[2] Add a flight
[x] Exit Airport Asset Control
> Give the airplane id: Give the departure airport id: Give the target airport id: Choose an action:
[1] Add an airplane
[2] Add a flight
[x] Exit Airport Asset Control
> 
Flight Control
------------

Choose an action:
[1] Print airplanes
[2] Print flights
[3] Print airplane details
[x] Quit
> DE-213 (75 capacity) (TXL-BAL)

AY-123 (108 capacity) (JFK-HEL)

Choose an action:
[1] Print airplanes
[2] Print flights
[3] Print airplane details
[x] Quit
> DE-213 (75 capacity)
AY-123 (108 capacity)
RU-999 (430 capacity)
Choose an action:
[1] Print airplanes
[2] Print flights
[3] Print airplane details
[x] Quit
> Give the airplane id: AY-123 (108 capacity)

Choose an action:
[1] Print airplanes
[2] Print flights
[3] Print airplane details
[x] Quit
> 

	at FlightControlTest.assertRight(FlightControlTest.java:413)
	at FlightControlTest.complicatedInput(FlightControlTest.java:385)
</failure>
  </testcase>
  <testcase name="ClassIsPublic" classname="FlightControlTest" time="0"/>
  <testcase name="printingAirplanes1" classname="FlightControlTest" time="0"/>
  <testcase name="printingAirplanes2" classname="FlightControlTest" time="0"/>
  <testcase name="printingFlights1" classname="FlightControlTest" time="0.001"/>
  <testcase name="printingFlights2" classname="FlightControlTest" time="0.002">
    <failure message="Make sure that the prints of the program exactly match the example&#10;&#10;the user input was:&#10;1&#10;AY-123&#10;108&#10;2&#10;AY-123&#10;HEL&#10;TXL&#10;2&#10;AY-123&#10;JFK&#10;HEL&#10;x&#10;2&#10;x&#10;&#10;the program should have printed the line &quot;AY-123 (108 capacity) (HEL-TXL)&quot; in the right place&#10;your program printed:&#10;&#10;Airport Asset Control&#10;--------------------&#10;&#10;Choose an action:&#10;[1] Add an airplane&#10;[2] Add a flight&#10;[x] Exit Airport Asset Control&#10;&gt; Give the airplane id: Give the airplane capacity: Choose an action:&#10;[1] Add an airplane&#10;[2] Add a flight&#10;[x] Exit Airport Asset Control&#10;&gt; Give the airplane id: Give the departure airport id: Give the target airport id: Choose an action:&#10;[1] Add an airplane&#10;[2] Add a flight&#10;[x] Exit Airport Asset Control&#10;&gt; Give the airplane id: Give the departure airport id: Give the target airport id: Choose an action:&#10;[1] Add an airplane&#10;[2] Add a flight&#10;[x] Exit Airport Asset Control&#10;&gt; &#10;Flight Control&#10;------------&#10;&#10;Choose an action:&#10;[1] Print airplanes&#10;[2] Print flights&#10;[3] Print airplane details&#10;[x] Quit&#10;&gt; AY-123 (108 capacity) (JFK-HEL)&#10;&#10;Choose an action:&#10;[1] Print airplanes&#10;[2] Print flights&#10;[3] Print airplane details&#10;[x] Quit&#10;&gt; &#10;" type="java.lang.AssertionError">java.lang.AssertionError: 
Make sure that the prints of the program exactly match the example

the user input was:
1
AY-123
108
2
AY-123
HEL
TXL
2
AY-123
JFK
HEL
x
2
x

the program should have printed the line "AY-123 (108 capacity) (HEL-TXL)" in the right place
your program printed:

Airport Asset Control
--------------------

Choose an action:
[1] Add an airplane
[2] Add a flight
[x] Exit Airport Asset Control
> Give the airplane id: Give the airplane capacity: Choose an action:
[1] Add an airplane
[2] Add a flight
[x] Exit Airport Asset Control
> Give the airplane id: Give the departure airport id: Give the target airport id: Choose an action:
[1] Add an airplane
[2] Add a flight
[x] Exit Airport Asset Control
> Give the airplane id: Give the departure airport id: Give the target airport id: Choose an action:
[1] Add an airplane
[2] Add a flight
[x] Exit Airport Asset Control
> 
Flight Control
------------

Choose an action:
[1] Print airplanes
[2] Print flights
[3] Print airplane details
[x] Quit
> AY-123 (108 capacity) (JFK-HEL)

Choose an action:
[1] Print airplanes
[2] Print flights
[3] Print airplane details
[x] Quit
> 

	at FlightControlTest.assertRight(FlightControlTest.java:413)
	at FlightControlTest.printingFlights2(FlightControlTest.java:241)
</failure>
  </testcase>
  <testcase name="printingFlights3" classname="FlightControlTest" time="0.002">
    <failure message="Make sure that the prints of the program exactly match the example&#10;&#10;the user input was:&#10;1&#10;AY-123&#10;108&#10;1&#10;DE-213&#10;75&#10;2&#10;AY-123&#10;HEL&#10;TXL&#10;2&#10;AY-123&#10;JFK&#10;HEL&#10;2&#10;DE-213&#10;TXL&#10;BAL&#10;x&#10;2&#10;x&#10;&#10;the program should have printed the line &quot;AY-123 (108 capacity) (HEL-TXL)&quot; in the right place&#10;your program printed:&#10;&#10;Airport Asset Control&#10;--------------------&#10;&#10;Choose an action:&#10;[1] Add an airplane&#10;[2] Add a flight&#10;[x] Exit Airport Asset Control&#10;&gt; Give the airplane id: Give the airplane capacity: Choose an action:&#10;[1] Add an airplane&#10;[2] Add a flight&#10;[x] Exit Airport Asset Control&#10;&gt; Give the airplane id: Give the airplane capacity: Choose an action:&#10;[1] Add an airplane&#10;[2] Add a flight&#10;[x] Exit Airport Asset Control&#10;&gt; Give the airplane id: Give the departure airport id: Give the target airport id: Choose an action:&#10;[1] Add an airplane&#10;[2] Add a flight&#10;[x] Exit Airport Asset Control&#10;&gt; Give the airplane id: Give the departure airport id: Give the target airport id: Choose an action:&#10;[1] Add an airplane&#10;[2] Add a flight&#10;[x] Exit Airport Asset Control&#10;&gt; Give the airplane id: Give the departure airport id: Give the target airport id: Choose an action:&#10;[1] Add an airplane&#10;[2] Add a flight&#10;[x] Exit Airport Asset Control&#10;&gt; &#10;Flight Control&#10;------------&#10;&#10;Choose an action:&#10;[1] Print airplanes&#10;[2] Print flights&#10;[3] Print airplane details&#10;[x] Quit&#10;&gt; DE-213 (75 capacity) (TXL-BAL)&#10;&#10;AY-123 (108 capacity) (JFK-HEL)&#10;&#10;Choose an action:&#10;[1] Print airplanes&#10;[2] Print flights&#10;[3] Print airplane details&#10;[x] Quit&#10;&gt; &#10;" type="java.lang.AssertionError">java.lang.AssertionError: 
Make sure that the prints of the program exactly match the example

the user input was:
1
AY-123
108
1
DE-213
75
2
AY-123
HEL
TXL
2
AY-123
JFK
HEL
2
DE-213
TXL
BAL
x
2
x

the program should have printed the line "AY-123 (108 capacity) (HEL-TXL)" in the right place
your program printed:

Airport Asset Control
--------------------

Choose an action:
[1] Add an airplane
[2] Add a flight
[x] Exit Airport Asset Control
> Give the airplane id: Give the airplane capacity: Choose an action:
[1] Add an airplane
[2] Add a flight
[x] Exit Airport Asset Control
> Give the airplane id: Give the airplane capacity: Choose an action:
[1] Add an airplane
[2] Add a flight
[x] Exit Airport Asset Control
> Give the airplane id: Give the departure airport id: Give the target airport id: Choose an action:
[1] Add an airplane
[2] Add a flight
[x] Exit Airport Asset Control
> Give the airplane id: Give the departure airport id: Give the target airport id: Choose an action:
[1] Add an airplane
[2] Add a flight
[x] Exit Airport Asset Control
> Give the airplane id: Give the departure airport id: Give the target airport id: Choose an action:
[1] Add an airplane
[2] Add a flight
[x] Exit Airport Asset Control
> 
Flight Control
------------

Choose an action:
[1] Print airplanes
[2] Print flights
[3] Print airplane details
[x] Quit
> DE-213 (75 capacity) (TXL-BAL)

AY-123 (108 capacity) (JFK-HEL)

Choose an action:
[1] Print airplanes
[2] Print flights
[3] Print airplane details
[x] Quit
> 

	at FlightControlTest.assertRight(FlightControlTest.java:413)
	at FlightControlTest.printingFlights3(FlightControlTest.java:277)
</failure>
  </testcase>
  <testcase name="printsMenusAndExits" classname="FlightControlTest" time="0"/>
</testsuite>