<?xml version="1.0" encoding="UTF-8"?>
<testsuite xmlns:xsi="http://www.w3.org/2001/XMLSchema-instance" xsi:noNamespaceSchemaLocation="https://maven.apache.org/surefire/maven-surefire-plugin/xsd/surefire-test-report.xsd" name="SensorsAndTemperatureTest" time="0.111" tests="21" errors="0" skipped="0" failures="1">
  <properties>
[...]
</properties>
  <testcase name="noExtraVariablesWithAverageSensor" classname="SensorsAndTemperatureTest" time="0.02"/>
  <testcase name="AverageSensorExceptionIfTryingToUseWhileOff" classname="SensorsAndTemperatureTest" time="0.006"/>
  <testcase name="StandardSensorIsASensor" classname="SensorsAndTemperatureTest" time="0"/>
  <testcase name="AverageSensorMethodReadingsWork" classname="SensorsAndTemperatureTest" time="0.01">
    <failure message="The returned list should have been empty with the code:&#10;AverageSensor ka = new AverageSensor();&#10;ka.addSensor( new StandardSensor(3) );&#10;ka.addSensor( new StandardSensor(7) );&#10;ka.readings();&#10;" type="java.lang.AssertionError">java.lang.AssertionError: 
The returned list should have been empty with the code:
AverageSensor ka = new AverageSensor();
ka.addSensor( new StandardSensor(3) );
ka.addSensor( new StandardSensor(7) );
ka.readings();

	at SensorsAndTemperatureTest.AverageSensorMethodReadingsWork(SensorsAndTemperatureTest.java:577)
</failure>
  </testcase>
  <testcase name="classTemperatureSensorExists" classname="SensorsAndTemperatureTest" time="0"/>
  <testcase name="classStandardSensorExists" classname="SensorsAndTemperatureTest" time="0"/>
  <testcase name="averageCalculationWorks" classname="SensorsAndTemperatureTest" time="0"/>
  <testcase name="noExtraVariablesWithStandardSensor" classname="SensorsAndTemperatureTest" time="0.001"/>
  <testcase name="AverageSensorOnOff2" classname="SensorsAndTemperatureTest" time="0.001"/>
  <testcase name="noExtraVariablesWithTempratureSensor" classname="SensorsAndTemperatureTest" time="0"/>
  <testcase name="testTemperatureSensor" classname="SensorsAndTemperatureTest" time="0.019"/>
  <testcase name="testStandardSensor" classname="SensorsAndTemperatureTest" time="0.001"/>
  <testcase name="methodForAddingSensorsExistsForAverageSensor" classname="SensorsAndTemperatureTest" time="0"/>
  <testcase name="testAverageSensor" classname="SensorsAndTemperatureTest" time="0"/>
  <testcase name="AverageSensorIsASensor" classname="SensorsAndTemperatureTest" time="0.001"/>
  <testcase name="TemperatureSensorIsASensor" classname="SensorsAndTemperatureTest" time="0"/>
  <testcase name="AverageSensorMethodReadings" classname="SensorsAndTemperatureTest" time="0"/>
  <testcase name="testStandardSensorConstructor" classname="SensorsAndTemperatureTest" time="0"/>
  <testcase name="AverageSensorOnOff" classname="SensorsAndTemperatureTest" time="0"/>
  <testcase name="classAverageSensorExists" classname="SensorsAndTemperatureTest" time="0.001"/>
  <testcase name="testTemperatureSensorConstructor" classname="SensorsAndTemperatureTest" time="0"/>
</testsuite>