<?xml version="1.0" encoding="UTF-8"?>
<testsuite xmlns:xsi="http://www.w3.org/2001/XMLSchema-instance" xsi:noNamespaceSchemaLocation="https://maven.apache.org/surefire/maven-surefire-plugin/xsd/surefire-test-report.xsd" name="EmployeesTest" time="0.315" tests="30" errors="0" skipped="0" failures="1">
  <properties>
[...]
</properties>
  <testcase name="hasMethodAddPerson" classname="EmployeesTest" time="0.033"/>
  <testcase name="firingWorks" classname="EmployeesTest" time="0.159"/>
  <testcase name="PersonnToString2" classname="EmployeesTest" time="0"/>
  <testcase name="hasMethodAddList" classname="EmployeesTest" time="0"/>
  <testcase name="filteredPrintingUsesIterator" classname="EmployeesTest" time="0.01"/>
  <testcase name="hasMethodPrint" classname="EmployeesTest" time="0"/>
  <testcase name="hasClassPerson" classname="EmployeesTest" time="0"/>
  <testcase name="hasEmployeesClass" classname="EmployeesTest" time="0.001"/>
  <testcase name="enumHasCorrectValues" classname="EmployeesTest" time="0"/>
  <testcase name="hasMethodFire" classname="EmployeesTest" time="0"/>
  <testcase name="printingUsesIterator" classname="EmployeesTest" time="0.004"/>
  <testcase name="filteredPrintingWorks" classname="EmployeesTest" time="0.011">
    <failure message="NoSuchElementException, in call print(PHD). Check education &#10;t = new Employees(); &#10;h = new Person(&quot;Arto&quot;, Education.PHD); &#10;t.add(h); t.print(Education.PHD); &#10;output should contain &quot;Arto, PHD&quot;&#10;" type="java.lang.AssertionError">java.lang.AssertionError: 
NoSuchElementException, in call print(PHD). Check education 
t = new Employees(); 
h = new Person("Arto", Education.PHD); 
t.add(h); t.print(Education.PHD); 
output should contain "Arto, PHD"

	at EmployeesTest.print(EmployeesTest.java:222)
	at EmployeesTest.filteredPrintingWorks(EmployeesTest.java:393)
</failure>
  </testcase>
  <testcase name="PersonHasCorrectObjectVariables" classname="EmployeesTest" time="0"/>
  <testcase name="PersonHasCorrectConstructor" classname="EmployeesTest" time="0"/>
  <testcase name="testGetEducation" classname="EmployeesTest" time="0.001"/>
  <testcase name="printingWorks1" classname="EmployeesTest" time="0.001"/>
  <testcase name="printingWorks2" classname="EmployeesTest" time="0"/>
  <testcase name="printingWorks3" classname="EmployeesTest" time="0.001"/>
  <testcase name="hasEnumEducation" classname="EmployeesTest" time="0"/>
  <testcase name="PersonToString" classname="EmployeesTest" time="0"/>
  <testcase name="employeesHasCorrectConstructor" classname="EmployeesTest" time="0"/>
  <testcase name="firingWorks2" classname="EmployeesTest" time="0.001"/>
  <testcase name="firingWorks3" classname="EmployeesTest" time="0.001"/>
  <testcase name="firingWorks4" classname="EmployeesTest" time="0.001"/>
  <testcase name="filteredPrintingWorks1b" classname="EmployeesTest" time="0.001"/>
  <testcase name="getEducationWorks" classname="EmployeesTest" time="0"/>
  <testcase name="hasMethodPrintEducation" classname="EmployeesTest" time="0.001"/>
  <testcase name="firingUsesIterator" classname="EmployeesTest" time="0.003"/>
  <testcase name="getEducationThrowsNoError" classname="EmployeesTest" time="0"/>
  <testcase name="noUnnecessaryObjectVariables" classname="EmployeesTest" time="0.001"/>
</testsuite>